#
# There is insufficient memory for the Java Runtime Environment to continue.
# Native memory allocation (malloc) failed to allocate 65552 bytes for Chunk::new
# Possible reasons:
#   The system is out of physical RAM or swap space
#   In 32 bit mode, the process size limit was hit
# Possible solutions:
#   Reduce memory load on the system
#   Increase physical memory or swap space
#   Check if swap backing store is full
#   Use 64 bit Java on a 64 bit OS
#   Decrease Java heap size (-Xmx/-Xms)
#   Decrease number of Java threads
#   Decrease Java thread stack sizes (-Xss)
#   Set larger code cache with -XX:ReservedCodeCacheSize=
# This output file may be truncated or incomplete.
#
#  Out of Memory Error (allocation.cpp:390), pid=3784, tid=0x0000000000002fbc
#
# JRE version: Java(TM) SE Runtime Environment (8.0_121-b13) (build 1.8.0_121-b13)
# Java VM: Java HotSpot(TM) 64-Bit Server VM (25.121-b13 mixed mode windows-amd64 compressed oops)
# Failed to write core dump. Minidumps are not enabled by default on client versions of Windows
#

---------------  T H R E A D  ---------------

Current thread (0x00000000175cd800):  JavaThread "C2 CompilerThread1" daemon [_thread_in_native, id=12220, stack(0x0000000019020000,0x0000000019120000)]

Stack: [0x0000000019020000,0x0000000019120000]
[error occurred during error reporting (printing stack bounds), id 0xc0000005]

Native frames: (J=compiled Java code, j=interpreted, Vv=VM code, C=native code)


Current CompileTask:
C2:   5488 1755       4       org.springframework.boot.bind.RelaxedNames::initialize (112 bytes)


---------------  P R O C E S S  ---------------

Java Threads: ( => current thread )
  0x0000000019ff5800 JavaThread "background-preinit" [_thread_in_vm, id=1664, stack(0x000000001b010000,0x000000001b110000)]
  0x0000000018a29000 JavaThread "Monitor Ctrl-Break" daemon [_thread_in_native, id=12812, stack(0x00000000194a0000,0x00000000195a0000)]
  0x00000000189b4000 JavaThread "Service Thread" daemon [_thread_blocked, id=10792, stack(0x0000000019220000,0x0000000019320000)]
  0x0000000018938000 JavaThread "C1 CompilerThread2" daemon [_thread_blocked, id=12576, stack(0x0000000019120000,0x0000000019220000)]
=>0x00000000175cd800 JavaThread "C2 CompilerThread1" daemon [_thread_in_native, id=12220, stack(0x0000000019020000,0x0000000019120000)]
  0x00000000175cb800 JavaThread "C2 CompilerThread0" daemon [_thread_in_native, id=14880, stack(0x0000000018f20000,0x0000000019020000)]
  0x00000000175ca800 JavaThread "Attach Listener" daemon [_thread_blocked, id=8264, stack(0x0000000018e20000,0x0000000018f20000)]
  0x0000000018930800 JavaThread "Signal Dispatcher" daemon [_thread_blocked, id=6424, stack(0x0000000018d20000,0x0000000018e20000)]
  0x00000000029fe000 JavaThread "Finalizer" daemon [_thread_blocked, id=7980, stack(0x00000000187c0000,0x00000000188c0000)]
  0x00000000029f4800 JavaThread "Reference Handler" daemon [_thread_blocked, id=5560, stack(0x00000000186c0000,0x00000000187c0000)]
  0x0000000002905000 JavaThread "main" [_thread_in_native, id=16640, stack(0x0000000002800000,0x0000000002900000)]

Other Threads:
  0x0000000017537000 VMThread [stack: 0x00000000185c0000,0x00000000186c0000] [id=6440]
  0x00000000189ed800 WatcherThread [stack: 0x0000000019320000,0x0000000019420000] [id=12100]

VM state:not at safepoint (normal execution)

VM Mutex/Monitor currently owned by a thread: None

Heap:
 PSYoungGen      total 38400K, used 32643K [0x00000000d5c00000, 0x00000000d8680000, 0x0000000100000000)
  eden space 33280K, 82% used [0x00000000d5c00000,0x00000000d76e2da8,0x00000000d7c80000)
  from space 5120K, 99% used [0x00000000d7c80000,0x00000000d817def8,0x00000000d8180000)
  to   space 5120K, 0% used [0x00000000d8180000,0x00000000d8180000,0x00000000d8680000)
 ParOldGen       total 87552K, used 2885K [0x0000000081400000, 0x0000000086980000, 0x00000000d5c00000)
  object space 87552K, 3% used [0x0000000081400000,0x00000000816d1748,0x0000000086980000)
 Metaspace       used 20273K, capacity 20586K, committed 20864K, reserved 1067008K
  class space    used 2472K, capacity 2568K, committed 2688K, reserved 1048576K

Card table byte_map: [0x0000000011dc0000,0x00000000121c0000] byte_map_base: 0x00000000119b6000

Marking Bits: (ParMarkBitMap*) 0x000000005d0ab6d0
 Begin Bits: [0x0000000012870000, 0x0000000014820000)
 End Bits:   [0x0000000014820000, 0x00000000167d0000)

Polling page: 0x0000000000720000

CodeCache: size=245760Kb used=6564Kb max_used=6564Kb free=239195Kb
 bounds [0x0000000002a00000, 0x0000000003070000, 0x0000000011a00000]
 total_blobs=2121 nmethods=1750 adapters=283
 compilation: enabled

Compilation events (10 events):
Event: 5.474 Thread 0x0000000018938000 nmethod 1760 0x0000000003063990 code [0x0000000003063b00, 0x0000000003063e10]
Event: 5.475 Thread 0x0000000018938000 1761       3       org.springframework.core.ResolvableType::hashCode (22 bytes)
Event: 5.475 Thread 0x0000000018938000 nmethod 1761 0x000000000305e5d0 code [0x000000000305e740, 0x000000000305e9c8]
Event: 5.476 Thread 0x0000000018938000 1762       3       org.springframework.util.ReflectionUtils::invokeMethod (10 bytes)
Event: 5.477 Thread 0x0000000018938000 nmethod 1762 0x0000000003063210 code [0x00000000030633a0, 0x0000000003063788]
Event: 5.477 Thread 0x0000000018938000 1763   !   3       org.springframework.util.ReflectionUtils::invokeMethod (22 bytes)
Event: 5.477 Thread 0x0000000018938000 nmethod 1763 0x000000000306b510 code [0x000000000306b6a0, 0x000000000306b988]
Event: 5.478 Thread 0x0000000018938000 1764       3       org.springframework.core.ResolvableType::forType (107 bytes)
Event: 5.479 Thread 0x0000000018938000 nmethod 1764 0x000000000306bb10 code [0x000000000306bd20, 0x000000000306c6e8]
Event: 5.479 Thread 0x00000000175cb800 1765 % !   4       java.util.concurrent.ConcurrentHashMap::transfer @ 99 (832 bytes)

GC Heap History (6 events):
Event: 3.328 GC heap before
{Heap before GC invocations=1 (full 0):
 PSYoungGen      total 38400K, used 33280K [0x00000000d5c00000, 0x00000000d8680000, 0x0000000100000000)
  eden space 33280K, 100% used [0x00000000d5c00000,0x00000000d7c80000,0x00000000d7c80000)
  from space 5120K, 0% used [0x00000000d8180000,0x00000000d8180000,0x00000000d8680000)
  to   space 5120K, 0% used [0x00000000d7c80000,0x00000000d7c80000,0x00000000d8180000)
 ParOldGen       total 87552K, used 0K [0x0000000081400000, 0x0000000086980000, 0x00000000d5c00000)
  object space 87552K, 0% used [0x0000000081400000,0x0000000081400000,0x0000000086980000)
 Metaspace       used 8582K, capacity 8698K, committed 8832K, reserved 1056768K
  class space    used 1036K, capacity 1081K, committed 1152K, reserved 1048576K
Event: 3.336 GC heap after
Heap after GC invocations=1 (full 0):
 PSYoungGen      total 38400K, used 4994K [0x00000000d5c00000, 0x00000000d8680000, 0x0000000100000000)
  eden space 33280K, 0% used [0x00000000d5c00000,0x00000000d5c00000,0x00000000d7c80000)
  from space 5120K, 97% used [0x00000000d7c80000,0x00000000d8160a40,0x00000000d8180000)
  to   space 5120K, 0% used [0x00000000d8180000,0x00000000d8180000,0x00000000d8680000)
 ParOldGen       total 87552K, used 8K [0x0000000081400000, 0x0000000086980000, 0x00000000d5c00000)
  object space 87552K, 0% used [0x0000000081400000,0x0000000081402000,0x0000000086980000)
 Metaspace       used 8582K, capacity 8698K, committed 8832K, reserved 1056768K
  class space    used 1036K, capacity 1081K, committed 1152K, reserved 1048576K
}
Event: 4.469 GC heap before
{Heap before GC invocations=2 (full 0):
 PSYoungGen      total 38400K, used 38274K [0x00000000d5c00000, 0x00000000d8680000, 0x0000000100000000)
  eden space 33280K, 100% used [0x00000000d5c00000,0x00000000d7c80000,0x00000000d7c80000)
  from space 5120K, 97% used [0x00000000d7c80000,0x00000000d8160a40,0x00000000d8180000)
  to   space 5120K, 0% used [0x00000000d8180000,0x00000000d8180000,0x00000000d8680000)
 ParOldGen       total 87552K, used 8K [0x0000000081400000, 0x0000000086980000, 0x00000000d5c00000)
  object space 87552K, 0% used [0x0000000081400000,0x0000000081402000,0x0000000086980000)
 Metaspace       used 12591K, capacity 12736K, committed 12928K, reserved 1060864K
  class space    used 1568K, capacity 1594K, committed 1664K, reserved 1048576K
Event: 4.483 GC heap after
Heap after GC invocations=2 (full 0):
 PSYoungGen      total 38400K, used 5115K [0x00000000d5c00000, 0x00000000d8680000, 0x0000000100000000)
  eden space 33280K, 0% used [0x00000000d5c00000,0x00000000d5c00000,0x00000000d7c80000)
  from space 5120K, 99% used [0x00000000d8180000,0x00000000d867eca8,0x00000000d8680000)
  to   space 5120K, 0% used [0x00000000d7c80000,0x00000000d7c80000,0x00000000d8180000)
 ParOldGen       total 87552K, used 844K [0x0000000081400000, 0x0000000086980000, 0x00000000d5c00000)
  object space 87552K, 0% used [0x0000000081400000,0x00000000814d3100,0x0000000086980000)
 Metaspace       used 12591K, capacity 12736K, committed 12928K, reserved 1060864K
  class space    used 1568K, capacity 1594K, committed 1664K, reserved 1048576K
}
Event: 5.060 GC heap before
{Heap before GC invocations=3 (full 0):
 PSYoungGen      total 38400K, used 38395K [0x00000000d5c00000, 0x00000000d8680000, 0x0000000100000000)
  eden space 33280K, 100% used [0x00000000d5c00000,0x00000000d7c80000,0x00000000d7c80000)
  from space 5120K, 99% used [0x00000000d8180000,0x00000000d867eca8,0x00000000d8680000)
  to   space 5120K, 0% used [0x00000000d7c80000,0x00000000d7c80000,0x00000000d8180000)
 ParOldGen       total 87552K, used 844K [0x0000000081400000, 0x0000000086980000, 0x00000000d5c00000)
  object space 87552K, 0% used [0x0000000081400000,0x00000000814d3100,0x0000000086980000)
 Metaspace       used 17223K, capacity 17438K, committed 17536K, reserved 1064960K
  class space    used 2103K, capacity 2159K, committed 2176K, reserved 1048576K
Event: 5.072 GC heap after
Heap after GC invocations=3 (full 0):
 PSYoungGen      total 38400K, used 5111K [0x00000000d5c00000, 0x00000000d8680000, 0x0000000100000000)
  eden space 33280K, 0% used [0x00000000d5c00000,0x00000000d5c00000,0x00000000d7c80000)
  from space 5120K, 99% used [0x00000000d7c80000,0x00000000d817def8,0x00000000d8180000)
  to   space 5120K, 0% used [0x00000000d8180000,0x00000000d8180000,0x00000000d8680000)
 ParOldGen       total 87552K, used 2885K [0x0000000081400000, 0x0000000086980000, 0x00000000d5c00000)
  object space 87552K, 3% used [0x0000000081400000,0x00000000816d1748,0x0000000086980000)
 Metaspace       used 17223K, capacity 17438K, committed 17536K, reserved 1064960K
  class space    used 2103K, capacity 2159K, committed 2176K, reserved 1048576K
}

Deoptimization events (10 events):
Event: 4.844 Thread 0x0000000019ff5800 Uncommon trap: reason=unstable_if action=reinterpret pc=0x0000000002e367ec method=com.sun.org.apache.xerces.internal.impl.XMLEntityScanner.scanLiteral(ILcom/sun/org/apache/xerces/internal/xni/XMLString;Z)I @ 570
Event: 4.933 Thread 0x0000000019ff5800 Uncommon trap: reason=unstable_if action=reinterpret pc=0x0000000002e5b91c method=com.sun.org.apache.xerces.internal.impl.XMLEntityScanner.skipSpaces()Z @ 125
Event: 4.982 Thread 0x0000000019ff5800 Uncommon trap: reason=unstable_if action=reinterpret pc=0x0000000002ee3cc8 method=com.sun.org.apache.xerces.internal.util.SymbolTable.addSymbol([CII)Ljava/lang/String; @ 38
Event: 4.983 Thread 0x0000000019ff5800 Uncommon trap: reason=unstable_if action=reinterpret pc=0x0000000002eb6c0c method=com.sun.org.apache.xerces.internal.impl.XMLEntityScanner.scanLiteral(ILcom/sun/org/apache/xerces/internal/xni/XMLString;Z)I @ 44
Event: 4.988 Thread 0x0000000019ff5800 Uncommon trap: reason=unstable_if action=reinterpret pc=0x0000000002e82c78 method=com.sun.org.apache.xerces.internal.util.SymbolTable.addSymbol([CII)Ljava/lang/String; @ 38
Event: 5.201 Thread 0x0000000019ff5800 Uncommon trap: reason=class_check action=maybe_recompile pc=0x0000000002d6f75c method=java.util.regex.Matcher.search(I)Z @ 86
Event: 5.298 Thread 0x0000000002905000 Uncommon trap: reason=bimorphic action=maybe_recompile pc=0x0000000002c9b988 method=java.util.HashMap.putVal(ILjava/lang/Object;Ljava/lang/Object;ZZ)Ljava/lang/Object; @ 203
Event: 5.336 Thread 0x0000000002905000 Uncommon trap: reason=bimorphic action=maybe_recompile pc=0x0000000002c9b988 method=java.util.HashMap.putVal(ILjava/lang/Object;Ljava/lang/Object;ZZ)Ljava/lang/Object; @ 203
Event: 5.421 Thread 0x0000000019ff5800 Uncommon trap: reason=predicate action=maybe_recompile pc=0x0000000002d10bc8 method=java.lang.String.regionMatches(ZILjava/lang/String;II)Z @ 63
Event: 5.454 Thread 0x0000000019ff5800 Uncommon trap: reason=unstable_if action=reinterpret pc=0x0000000002c99530 method=java.util.HashMap.hash(Ljava/lang/Object;)I @ 1

Internal exceptions (10 events):
Event: 4.653 Thread 0x0000000002905000 Exception <a 'java/lang/ClassNotFoundException': java/lang/ObjectCustomizer> (0x00000000d68398e8) thrown at [C:\re\workspace\8-2-build-windows-amd64-cygwin\jdk8u121\8372\hotspot\src\share\vm\classfile\systemDictionary.cpp, line 210]
Event: 4.654 Thread 0x0000000002905000 Exception <a 'java/lang/ClassNotFoundException': org/springframework/context/annotation/ConfigurationClassPostProcessorCustomizer> (0x00000000d6855420) thrown at [C:\re\workspace\8-2-build-windows-amd64-cygwin\jdk8u121\8372\hotspot\src\share\vm\classfile\
Event: 4.655 Thread 0x0000000002905000 Exception <a 'java/lang/ClassNotFoundException': org/springframework/beans/factory/support/BeanDefinitionRegistryPostProcessorCustomizer> (0x00000000d68804a0) thrown at [C:\re\workspace\8-2-build-windows-amd64-cygwin\jdk8u121\8372\hotspot\src\share\vm\cla
Event: 4.656 Thread 0x0000000002905000 Exception <a 'java/lang/ClassNotFoundException': org/springframework/core/PriorityOrderedCustomizer> (0x00000000d6892400) thrown at [C:\re\workspace\8-2-build-windows-amd64-cygwin\jdk8u121\8372\hotspot\src\share\vm\classfile\systemDictionary.cpp, line 210
Event: 4.656 Thread 0x0000000002905000 Exception <a 'java/lang/ClassNotFoundException': org/springframework/context/ResourceLoaderAwareCustomizer> (0x00000000d68a4c48) thrown at [C:\re\workspace\8-2-build-windows-amd64-cygwin\jdk8u121\8372\hotspot\src\share\vm\classfile\systemDictionary.cpp, l
Event: 4.657 Thread 0x0000000002905000 Exception <a 'java/lang/ClassNotFoundException': org/springframework/beans/factory/BeanClassLoaderAwareCustomizer> (0x00000000d68b9fb0) thrown at [C:\re\workspace\8-2-build-windows-amd64-cygwin\jdk8u121\8372\hotspot\src\share\vm\classfile\systemDictionary
Event: 4.658 Thread 0x0000000002905000 Exception <a 'java/lang/ClassNotFoundException': org/springframework/context/EnvironmentAwareCustomizer> (0x00000000d69641f8) thrown at [C:\re\workspace\8-2-build-windows-amd64-cygwin\jdk8u121\8372\hotspot\src\share\vm\classfile\systemDictionary.cpp, line
Event: 5.392 Thread 0x0000000019ff5800 Exception <a 'java/lang/NoSuchFieldError': method resolution failed> (0x00000000d72bb648) thrown at [C:\re\workspace\8-2-build-windows-amd64-cygwin\jdk8u121\8372\hotspot\src\share\vm\prims\methodHandles.cpp, line 1146]
Event: 5.403 Thread 0x0000000019ff5800 Exception <a 'java/lang/NoSuchFieldError': method resolution failed> (0x00000000d72c8d08) thrown at [C:\re\workspace\8-2-build-windows-amd64-cygwin\jdk8u121\8372\hotspot\src\share\vm\prims\methodHandles.cpp, line 1146]
Event: 5.454 Thread 0x0000000019ff5800 Implicit null exception at 0x0000000002c99498 to 0x0000000002c99526

Events (10 events):
Event: 5.477 loading class org/springframework/format/datetime/standard/MonthDayFormatter
Event: 5.477 loading class org/springframework/format/datetime/standard/MonthDayFormatter done
Event: 5.483 loading class javax/cache/Caching
Event: 5.483 loading class javax/cache/Caching done
Event: 5.484 loading class org/springframework/cache/jcache/JCacheCacheManager
Event: 5.484 loading class org/springframework/cache/jcache/JCacheCacheManager done
Event: 5.484 loading class org/springframework/boot/autoconfigure/cache/EhCacheCacheConfiguration$ConfigAvailableCondition
Event: 5.484 loading class org/springframework/boot/autoconfigure/cache/EhCacheCacheConfiguration$ConfigAvailableCondition done
Event: 5.484 loading class org/springframework/boot/autoconfigure/condition/ResourceCondition
Event: 5.484 loading class org/springframework/boot/autoconfigure/condition/ResourceCondition done


Dynamic libraries:
0x00007ff7841d0000 - 0x00007ff784207000 	D:\MathxH\software\Java\jdk1.8.0_121\bin\java.exe
0x00007ffd4b4c0000 - 0x00007ffd4b692000 	C:\Windows\SYSTEM32\ntdll.dll
0x00007ffd49bf0000 - 0x00007ffd49c9c000 	C:\Windows\System32\KERNEL32.DLL
0x00007ffd47f60000 - 0x00007ffd4817d000 	C:\Windows\System32\KERNELBASE.dll
0x00007ffd48f30000 - 0x00007ffd48fd2000 	C:\Windows\System32\ADVAPI32.dll
0x00007ffd49b50000 - 0x00007ffd49bee000 	C:\Windows\System32\msvcrt.dll
0x00007ffd49d60000 - 0x00007ffd49db9000 	C:\Windows\System32\sechost.dll
0x00007ffd49780000 - 0x00007ffd498a1000 	C:\Windows\System32\RPCRT4.dll
0x00007ffd49dc0000 - 0x00007ffd49f25000 	C:\Windows\System32\USER32.dll
0x00007ffd48180000 - 0x00007ffd4819e000 	C:\Windows\System32\win32u.dll
0x00007ffd49ab0000 - 0x00007ffd49ae4000 	C:\Windows\System32\GDI32.dll
0x00007ffd481a0000 - 0x00007ffd48320000 	C:\Windows\System32\gdi32full.dll
0x00007ffd36ec0000 - 0x00007ffd3713a000 	C:\Windows\WinSxS\amd64_microsoft.windows.common-controls_6595b64144ccf1df_6.0.14393.953_none_42151e83c686086b\COMCTL32.dll
0x00007ffd49330000 - 0x00007ffd495f8000 	C:\Windows\System32\combase.dll
0x00007ffd47e60000 - 0x00007ffd47f55000 	C:\Windows\System32\ucrtbase.dll
0x00007ffd47a60000 - 0x00007ffd47aca000 	C:\Windows\System32\bcryptPrimitives.dll
0x00007ffd48f00000 - 0x00007ffd48f2e000 	C:\Windows\System32\IMM32.DLL
0x000000005d6a0000 - 0x000000005d772000 	D:\MathxH\software\Java\jdk1.8.0_121\jre\bin\msvcr100.dll
0x000000005c890000 - 0x000000005d12b000 	D:\MathxH\software\Java\jdk1.8.0_121\jre\bin\server\jvm.dll
0x00007ffd49320000 - 0x00007ffd49328000 	C:\Windows\System32\PSAPI.DLL
0x00007ffd40570000 - 0x00007ffd40579000 	C:\Windows\SYSTEM32\WSOCK32.dll
0x00007ffd4b450000 - 0x00007ffd4b4ba000 	C:\Windows\System32\WS2_32.dll
0x00007ffd459e0000 - 0x00007ffd45a03000 	C:\Windows\SYSTEM32\WINMM.dll
0x00007ffd3a400000 - 0x00007ffd3a40a000 	C:\Windows\SYSTEM32\VERSION.dll
0x00007ffd459b0000 - 0x00007ffd459db000 	C:\Windows\SYSTEM32\WINMMBASE.dll
0x00007ffd48320000 - 0x00007ffd48362000 	C:\Windows\System32\cfgmgr32.dll
0x000000005d690000 - 0x000000005d69f000 	D:\MathxH\software\Java\jdk1.8.0_121\jre\bin\verify.dll
0x000000005d4d0000 - 0x000000005d4f9000 	D:\MathxH\software\Java\jdk1.8.0_121\jre\bin\java.dll
0x000000005d4b0000 - 0x000000005d4c6000 	D:\MathxH\software\Java\jdk1.8.0_121\jre\bin\zip.dll
0x00007ffd49f30000 - 0x00007ffd4b439000 	C:\Windows\System32\SHELL32.dll
0x00007ffd48370000 - 0x00007ffd48a49000 	C:\Windows\System32\windows.storage.dll
0x00007ffd47970000 - 0x00007ffd479bc000 	C:\Windows\System32\powrprof.dll
0x00007ffd49180000 - 0x00007ffd491d2000 	C:\Windows\System32\shlwapi.dll
0x00007ffd47960000 - 0x00007ffd4796f000 	C:\Windows\System32\kernel.appcore.dll
0x00007ffd47d50000 - 0x00007ffd47df9000 	C:\Windows\System32\shcore.dll
0x00007ffd47930000 - 0x00007ffd47944000 	C:\Windows\System32\profapi.dll
0x00007ffd43d50000 - 0x00007ffd43d60000 	D:\MathxH\software\IntelliJIDEA2016.3.4\bin\breakgen64.dll
0x000000005d490000 - 0x000000005d4aa000 	D:\MathxH\software\Java\jdk1.8.0_121\jre\bin\net.dll
0x00007ffd47200000 - 0x00007ffd4725c000 	C:\Windows\system32\mswsock.dll
0x000000005d680000 - 0x000000005d68d000 	D:\MathxH\software\Java\jdk1.8.0_121\jre\bin\management.dll
0x00007ffd34be0000 - 0x00007ffd34bf6000 	C:\Windows\system32\napinsp.dll
0x00007ffd34bc0000 - 0x00007ffd34bda000 	C:\Windows\system32\pnrpnsp.dll
0x00007ffd444c0000 - 0x00007ffd444d8000 	C:\Windows\system32\NLAapi.dll
0x00007ffd46fc0000 - 0x00007ffd47061000 	C:\Windows\SYSTEM32\DNSAPI.dll
0x00007ffd4b440000 - 0x00007ffd4b448000 	C:\Windows\System32\NSI.dll
0x00007ffd46f80000 - 0x00007ffd46fb8000 	C:\Windows\SYSTEM32\IPHLPAPI.DLL
0x00007ffd34bb0000 - 0x00007ffd34bbe000 	C:\Windows\System32\winrnr.dll
0x00007ffd34b90000 - 0x00007ffd34ba5000 	C:\Windows\System32\wshbth.dll
0x000000005d800000 - 0x000000005d826000 	C:\Program Files\Bonjour\mdnsNSP.dll
0x00007ffd43680000 - 0x00007ffd4368a000 	C:\Windows\System32\rasadhlp.dll
0x00007ffd43be0000 - 0x00007ffd43c4a000 	C:\Windows\System32\fwpuclnt.dll
0x00007ffd47870000 - 0x00007ffd4789b000 	C:\Windows\SYSTEM32\bcrypt.dll
0x000000005d470000 - 0x000000005d481000 	D:\MathxH\software\Java\jdk1.8.0_121\jre\bin\nio.dll

VM Arguments:
jvm_args: -ea -Didea.launcher.port=7534 -Didea.launcher.bin.path=D:\MathxH\software\IntelliJIDEA2016.3.4\bin -Dfile.encoding=UTF-8 
java_command: com.intellij.rt.execution.application.AppMain com.intellij.rt.execution.junit.JUnitStarter -ideVersion5 com.mathxhspringboot.demo.DemoApplicationTests,testUserController
java_class_path (initial): D:\MathxH\software\IntelliJIDEA2016.3.4\lib\idea_rt.jar;D:\MathxH\software\IntelliJIDEA2016.3.4\plugins\junit\lib\junit-rt.jar;D:\MathxH\software\Java\jdk1.8.0_121\jre\lib\charsets.jar;D:\MathxH\software\Java\jdk1.8.0_121\jre\lib\deploy.jar;D:\MathxH\software\Java\jdk1.8.0_121\jre\lib\ext\access-bridge-64.jar;D:\MathxH\software\Java\jdk1.8.0_121\jre\lib\ext\cldrdata.jar;D:\MathxH\software\Java\jdk1.8.0_121\jre\lib\ext\dnsns.jar;D:\MathxH\software\Java\jdk1.8.0_121\jre\lib\ext\jaccess.jar;D:\MathxH\software\Java\jdk1.8.0_121\jre\lib\ext\jfxrt.jar;D:\MathxH\software\Java\jdk1.8.0_121\jre\lib\ext\localedata.jar;D:\MathxH\software\Java\jdk1.8.0_121\jre\lib\ext\nashorn.jar;D:\MathxH\software\Java\jdk1.8.0_121\jre\lib\ext\sunec.jar;D:\MathxH\software\Java\jdk1.8.0_121\jre\lib\ext\sunjce_provider.jar;D:\MathxH\software\Java\jdk1.8.0_121\jre\lib\ext\sunmscapi.jar;D:\MathxH\software\Java\jdk1.8.0_121\jre\lib\ext\sunpkcs11.jar;D:\MathxH\software\Java\jdk1.8.0_121\jre\lib\ext\zipfs.jar;D:\MathxH\software\Java\jdk1.8.0_121\jre\lib\javaws.jar;D:\MathxH\software\Java\jdk1.8.0_121\jre\lib\jce.jar;D:\MathxH\software\Java\jdk1.8.0_121\jre\lib\jfr.jar;D:\MathxH\software\Java\jdk1.8.0_121\jre\lib\jfxswt.jar;D:\MathxH\software\Java\jdk1.8.0_121\jre\lib\jsse.jar;D:\MathxH\software\Java\jdk1.8.0_121\jre\lib\management-agent.jar;D:\MathxH\software\Java\jdk1.8.0_121\jre\lib\plugin.jar;D:\MathxH\software\Java\jdk1.8.0_121\jre\lib\resources.jar;D:\MathxH\software\Java\jdk1.8.0_121\jre\lib\rt.jar;C:\Users\MathxH\Desktop\demo\target\test-classes;C:\Users\MathxH\Desktop\demo\target\classes;D:\MathxH\software\apache-maven-3.5.0\local-repo\org\springframework\boot\spring-boot-starter\1.5.10.RELEASE\spring-boot-starter-1.5.10.RELEASE.jar;D:\MathxH\software\apache-maven-3.5.0\local-repo\org\springframework\boot\spring-boot\1.5.10.RELEASE\spring-boot-1.5.10.RELEASE.jar;D:\MathxH\software\apache-maven-3.5.0\local-repo\org\springframework\spring-context\4.3.14.RELEASE\spri
Launcher Type: SUN_STANDARD

Environment Variables:
JAVA_HOME=D:\MathxH\software\Java\jdk1.8.0_121
PATH=D:\Borland\Delphi7\Bin;D:\Borland\Delphi7\Projects\Bpl\;D:\oracle\product\10.2.0\db_3\bin;D:\oracle\product\10.2.0\db_1\bin;C:\ProgramData\Oracle\Java\javapath;C:\Windows\system32;C:\Windows;C:\Windows\System32\Wbem;C:\Windows\System32\WindowsPowerShell\v1.0\;C:\Program Files\Microsoft SQL Server\130\Tools\Binn\;C:\Program Files\Microsoft SQL Server\110\Tools\Binn\;C:\Program Files\Microsoft SQL Server\120\Tools\Binn\;D:\MathxH\software\NSIS;D:\MathxH\software\Git\cmd;D:\MathxH\software\nodejs\;D:\MathxH\software\CMake\bin;D:\MathxH\3rd-party\boost_1_63_0;D:\MathxH\software\apache-maven-3.5.0\bin;C:\Windows\System32;D:\MathxH\3rd-party\Qt5.8.0\5.8\msvc2013\bin;D:\MathxH\3rd-party\zeroc-ice-3.7.0-vc12\build\native\bin\Win32\Release;D:\MathxH\3rd-party\zeroc-ice-3.7.0-vc12\tools;D:\MathxH\software\clang-format;D:\MathxH\software\iconv\bin;D:\MathxH\software\Go\bin;C:\Program Files (x86)\Pandoc\;D:\oracle\product\10.2.0\db_2\tuxedo12.1.3.0.0_VS2010\bin;D:\oracle\product\10.2.0\db_2\tuxedo12.1.3.0.0_VS2010\jre\bin\server;D:\oracle\product\10.2.0\db_2\tuxedo12.1.3.0.0_VS2010\jre\bin;D:\medicare\Client\Package;D:\medicare\Client\ReportPack;D:\medicare\Client\Encryption;D:\medicare\Client\ExpressionParser;D:\medicare\Client\Dock;D:\medicare\Client\ChartPack;C:\Program Files\dotnet\;D:\MathxH\software\python36\Scripts\;D:\MathxH\software\python36\;C:\Users\MathxH\.cargo\bin;C:\Ruby24-x64\bin;C:\Users\MathxH\AppData\Local\Microsoft\WindowsApps;;D:\MathxH\software\MicrosoftVSCode\bin;C:\Users\MathxH\AppData\Roaming\npm;C:\Program Files (x86)\SSH Communications Security\SSH Secure Shell
USERNAME=MathxH
OS=Windows_NT
PROCESSOR_IDENTIFIER=Intel64 Family 6 Model 69 Stepping 1, GenuineIntel



---------------  S Y S T E M  ---------------

OS: Windows 10.0 , 64 bit Build 14393 (10.0.14393.1198)

CPU:total 4 (2 cores per cpu, 2 threads per core) family 6 model 69 stepping 1, cmov, cx8, fxsr, mmx, sse, sse2, sse3, ssse3, sse4.1, sse4.2, popcnt, avx, avx2, aes, clmul, erms, lzcnt, ht, tsc, tscinvbit, bmi1, bmi2

Memory: 4k page, physical 8305048k(2355984k free), swap 21339796k(2764k free)

vm_info: Java HotSpot(TM) 64-Bit Server VM (25.121-b13) for windows-amd64 JRE (1.8.0_121-b13), built on Dec 12 2016 18:21:36 by "java_re" with MS VC++ 10.0 (VS2010)

time: Fri Mar 30 11:30:37 2018
elapsed time: 5 seconds (0d 0h 0m 5s)

