#
# There is insufficient memory for the Java Runtime Environment to continue.
# Native memory allocation (malloc) failed to allocate 32744 bytes for ChunkPool::allocate
# Possible reasons:
#   The system is out of physical RAM or swap space
#   In 32 bit mode, the process size limit was hit
# Possible solutions:
#   Reduce memory load on the system
#   Increase physical memory or swap space
#   Check if swap backing store is full
#   Use 64 bit Java on a 64 bit OS
#   Decrease Java heap size (-Xmx/-Xms)
#   Decrease number of Java threads
#   Decrease Java thread stack sizes (-Xss)
#   Set larger code cache with -XX:ReservedCodeCacheSize=
# This output file may be truncated or incomplete.
#
#  Out of Memory Error (allocation.cpp:273), pid=16476, tid=0x00000000000008f8
#
# JRE version: Java(TM) SE Runtime Environment (8.0_121-b13) (build 1.8.0_121-b13)
# Java VM: Java HotSpot(TM) 64-Bit Server VM (25.121-b13 mixed mode windows-amd64 compressed oops)
# Failed to write core dump. Minidumps are not enabled by default on client versions of Windows
#

---------------  T H R E A D  ---------------

Current thread (0x000000001798a000):  JavaThread "C2 CompilerThread0" daemon [_thread_in_native, id=2296, stack(0x0000000019320000,0x0000000019420000)]

Stack: [0x0000000019320000,0x0000000019420000]
[error occurred during error reporting (printing stack bounds), id 0xc0000005]

Native frames: (J=compiled Java code, j=interpreted, Vv=VM code, C=native code)


Current CompileTask:
C2:   9641 2280       4       java.net.URLClassLoader$1::run (5 bytes)


---------------  P R O C E S S  ---------------

Java Threads: ( => current thread )
  0x0000000018e12800 JavaThread "Monitor Ctrl-Break" daemon [_thread_in_native, id=11832, stack(0x0000000019820000,0x0000000019920000)]
  0x0000000018d8a800 JavaThread "Service Thread" daemon [_thread_blocked, id=13248, stack(0x0000000019620000,0x0000000019720000)]
  0x0000000018d85000 JavaThread "C1 CompilerThread2" daemon [_thread_in_native, id=15692, stack(0x0000000019520000,0x0000000019620000)]
  0x00000000179b9800 JavaThread "C2 CompilerThread1" daemon [_thread_in_native, id=10760, stack(0x0000000019420000,0x0000000019520000)]
=>0x000000001798a000 JavaThread "C2 CompilerThread0" daemon [_thread_in_native, id=2296, stack(0x0000000019320000,0x0000000019420000)]
  0x0000000017989000 JavaThread "Attach Listener" daemon [_thread_blocked, id=4076, stack(0x0000000019220000,0x0000000019320000)]
  0x0000000017973000 JavaThread "Signal Dispatcher" daemon [_thread_blocked, id=2960, stack(0x0000000019120000,0x0000000019220000)]
  0x0000000002dee000 JavaThread "Finalizer" daemon [_thread_blocked, id=6252, stack(0x0000000018bc0000,0x0000000018cc0000)]
  0x0000000002de4800 JavaThread "Reference Handler" daemon [_thread_blocked, id=12004, stack(0x0000000018ac0000,0x0000000018bc0000)]
  0x0000000002cf5000 JavaThread "main" [_thread_in_vm, id=11428, stack(0x0000000002bf0000,0x0000000002cf0000)]

Other Threads:
  0x0000000017927000 VMThread [stack: 0x00000000189c0000,0x0000000018ac0000] [id=13784]
  0x0000000018dec800 WatcherThread [stack: 0x0000000019720000,0x0000000019820000] [id=15456]

VM state:not at safepoint (normal execution)

VM Mutex/Monitor currently owned by a thread: None

Heap:
 PSYoungGen      total 34816K, used 10441K [0x00000000d5c00000, 0x00000000da680000, 0x0000000100000000)
  eden space 29696K, 26% used [0x00000000d5c00000,0x00000000d63b7d78,0x00000000d7900000)
  from space 5120K, 49% used [0x00000000d8180000,0x00000000d83fa6d8,0x00000000d8680000)
  to   space 8704K, 0% used [0x00000000d7900000,0x00000000d7900000,0x00000000d8180000)
 ParOldGen       total 50176K, used 6515K [0x0000000081400000, 0x0000000084500000, 0x00000000d5c00000)
  object space 50176K, 12% used [0x0000000081400000,0x0000000081a5cc20,0x0000000084500000)
 Metaspace       used 23430K, capacity 23718K, committed 24064K, reserved 1071104K
  class space    used 2899K, capacity 2962K, committed 3072K, reserved 1048576K

Card table byte_map: [0x00000000121b0000,0x00000000125b0000] byte_map_base: 0x0000000011da6000

Marking Bits: (ParMarkBitMap*) 0x000000005d0ab6d0
 Begin Bits: [0x0000000012c60000, 0x0000000014c10000)
 End Bits:   [0x0000000014c10000, 0x0000000016bc0000)

Polling page: 0x0000000000f90000

CodeCache: size=245760Kb used=8312Kb max_used=8312Kb free=237447Kb
 bounds [0x0000000002df0000, 0x0000000003620000, 0x0000000011df0000]
 total_blobs=2641 nmethods=2264 adapters=289
 compilation: enabled

Compilation events (10 events):
Event: 9.559 Thread 0x0000000018d85000 nmethod 2356 0x000000000360f610 code [0x000000000360f7c0, 0x000000000360fd68]
Event: 9.559 Thread 0x0000000018d85000 2357       3       java.lang.Character::valueOf (21 bytes)
Event: 9.559 Thread 0x0000000018d85000 nmethod 2357 0x0000000003610010 code [0x0000000003610180, 0x0000000003610430]
Event: 9.564 Thread 0x0000000018d85000 2359       1       java.lang.reflect.Method::getMethodAccessor (5 bytes)
Event: 9.564 Thread 0x0000000018d85000 nmethod 2359 0x0000000003610590 code [0x00000000036106e0, 0x00000000036107f0]
Event: 9.564 Thread 0x0000000018d85000 2360       3       java.lang.reflect.Method::setMethodAccessor (21 bytes)
Event: 9.564 Thread 0x0000000018d85000 nmethod 2360 0x0000000003610850 code [0x00000000036109c0, 0x0000000003610d68]
Event: 9.571 Thread 0x0000000018d85000 2361       3       org.springframework.asm.Type::getArgumentsAndReturnSizes (151 bytes)
Event: 9.573 Thread 0x0000000018d85000 nmethod 2361 0x0000000003610e90 code [0x00000000036110c0, 0x0000000003611e58]
Event: 9.574 Thread 0x0000000018d85000 2362       3       org.springframework.asm.Frame::execute (2252 bytes)

GC Heap History (10 events):
Event: 7.474 GC heap before
{Heap before GC invocations=3 (full 0):
 PSYoungGen      total 38400K, used 38372K [0x00000000d5c00000, 0x00000000d8680000, 0x0000000100000000)
  eden space 33280K, 100% used [0x00000000d5c00000,0x00000000d7c80000,0x00000000d7c80000)
  from space 5120K, 99% used [0x00000000d8180000,0x00000000d8679378,0x00000000d8680000)
  to   space 5120K, 0% used [0x00000000d7c80000,0x00000000d7c80000,0x00000000d8180000)
 ParOldGen       total 87552K, used 899K [0x0000000081400000, 0x0000000086980000, 0x00000000d5c00000)
  object space 87552K, 1% used [0x0000000081400000,0x00000000814e0ca8,0x0000000086980000)
 Metaspace       used 16586K, capacity 16742K, committed 17024K, reserved 1064960K
  class space    used 2038K, capacity 2075K, committed 2176K, reserved 1048576K
Event: 7.481 GC heap after
Heap after GC invocations=3 (full 0):
 PSYoungGen      total 38400K, used 5093K [0x00000000d5c00000, 0x00000000d8680000, 0x0000000100000000)
  eden space 33280K, 0% used [0x00000000d5c00000,0x00000000d5c00000,0x00000000d7c80000)
  from space 5120K, 99% used [0x00000000d7c80000,0x00000000d8179618,0x00000000d8180000)
  to   space 5120K, 0% used [0x00000000d8180000,0x00000000d8180000,0x00000000d8680000)
 ParOldGen       total 87552K, used 2465K [0x0000000081400000, 0x0000000086980000, 0x00000000d5c00000)
  object space 87552K, 2% used [0x0000000081400000,0x0000000081668528,0x0000000086980000)
 Metaspace       used 16586K, capacity 16742K, committed 17024K, reserved 1064960K
  class space    used 2038K, capacity 2075K, committed 2176K, reserved 1048576K
}
Event: 8.241 GC heap before
{Heap before GC invocations=4 (full 0):
 PSYoungGen      total 38400K, used 38373K [0x00000000d5c00000, 0x00000000d8680000, 0x0000000100000000)
  eden space 33280K, 100% used [0x00000000d5c00000,0x00000000d7c80000,0x00000000d7c80000)
  from space 5120K, 99% used [0x00000000d7c80000,0x00000000d8179618,0x00000000d8180000)
  to   space 5120K, 0% used [0x00000000d8180000,0x00000000d8180000,0x00000000d8680000)
 ParOldGen       total 87552K, used 2465K [0x0000000081400000, 0x0000000086980000, 0x00000000d5c00000)
  object space 87552K, 2% used [0x0000000081400000,0x0000000081668528,0x0000000086980000)
 Metaspace       used 19507K, capacity 19748K, committed 19968K, reserved 1067008K
  class space    used 2398K, capacity 2455K, committed 2560K, reserved 1048576K
Event: 8.252 GC heap after
Heap after GC invocations=4 (full 0):
 PSYoungGen      total 38400K, used 5112K [0x00000000d5c00000, 0x00000000d8680000, 0x0000000100000000)
  eden space 33280K, 0% used [0x00000000d5c00000,0x00000000d5c00000,0x00000000d7c80000)
  from space 5120K, 99% used [0x00000000d8180000,0x00000000d867e030,0x00000000d8680000)
  to   space 5120K, 0% used [0x00000000d7c80000,0x00000000d7c80000,0x00000000d8180000)
 ParOldGen       total 87552K, used 4980K [0x0000000081400000, 0x0000000086980000, 0x00000000d5c00000)
  object space 87552K, 5% used [0x0000000081400000,0x00000000818dd2f8,0x0000000086980000)
 Metaspace       used 19507K, capacity 19748K, committed 19968K, reserved 1067008K
  class space    used 2398K, capacity 2455K, committed 2560K, reserved 1048576K
}
Event: 8.390 GC heap before
{Heap before GC invocations=5 (full 0):
 PSYoungGen      total 38400K, used 14223K [0x00000000d5c00000, 0x00000000d8680000, 0x0000000100000000)
  eden space 33280K, 27% used [0x00000000d5c00000,0x00000000d64e5f48,0x00000000d7c80000)
  from space 5120K, 99% used [0x00000000d8180000,0x00000000d867e030,0x00000000d8680000)
  to   space 5120K, 0% used [0x00000000d7c80000,0x00000000d7c80000,0x00000000d8180000)
 ParOldGen       total 87552K, used 4980K [0x0000000081400000, 0x0000000086980000, 0x00000000d5c00000)
  object space 87552K, 5% used [0x0000000081400000,0x00000000818dd2f8,0x0000000086980000)
 Metaspace       used 20948K, capacity 21200K, committed 21296K, reserved 1069056K
  class space    used 2577K, capacity 2683K, committed 2688K, reserved 1048576K
Event: 8.399 GC heap after
Heap after GC invocations=5 (full 0):
 PSYoungGen      total 38400K, used 5096K [0x00000000d5c00000, 0x00000000d8680000, 0x0000000100000000)
  eden space 33280K, 0% used [0x00000000d5c00000,0x00000000d5c00000,0x00000000d7c80000)
  from space 5120K, 99% used [0x00000000d7c80000,0x00000000d817a020,0x00000000d8180000)
  to   space 5120K, 0% used [0x00000000d8180000,0x00000000d8180000,0x00000000d8680000)
 ParOldGen       total 87552K, used 5969K [0x0000000081400000, 0x0000000086980000, 0x00000000d5c00000)
  object space 87552K, 6% used [0x0000000081400000,0x00000000819d45d0,0x0000000086980000)
 Metaspace       used 20948K, capacity 21200K, committed 21296K, reserved 1069056K
  class space    used 2577K, capacity 2683K, committed 2688K, reserved 1048576K
}
Event: 8.399 GC heap before
{Heap before GC invocations=6 (full 1):
 PSYoungGen      total 38400K, used 5096K [0x00000000d5c00000, 0x00000000d8680000, 0x0000000100000000)
  eden space 33280K, 0% used [0x00000000d5c00000,0x00000000d5c00000,0x00000000d7c80000)
  from space 5120K, 99% used [0x00000000d7c80000,0x00000000d817a020,0x00000000d8180000)
  to   space 5120K, 0% used [0x00000000d8180000,0x00000000d8180000,0x00000000d8680000)
 ParOldGen       total 87552K, used 5969K [0x0000000081400000, 0x0000000086980000, 0x00000000d5c00000)
  object space 87552K, 6% used [0x0000000081400000,0x00000000819d45d0,0x0000000086980000)
 Metaspace       used 20948K, capacity 21200K, committed 21296K, reserved 1069056K
  class space    used 2577K, capacity 2683K, committed 2688K, reserved 1048576K
Event: 8.445 GC heap after
Heap after GC invocations=6 (full 1):
 PSYoungGen      total 38400K, used 0K [0x00000000d5c00000, 0x00000000d8680000, 0x0000000100000000)
  eden space 33280K, 0% used [0x00000000d5c00000,0x00000000d5c00000,0x00000000d7c80000)
  from space 5120K, 0% used [0x00000000d7c80000,0x00000000d7c80000,0x00000000d8180000)
  to   space 5120K, 0% used [0x00000000d8180000,0x00000000d8180000,0x00000000d8680000)
 ParOldGen       total 50176K, used 6515K [0x0000000081400000, 0x0000000084500000, 0x00000000d5c00000)
  object space 50176K, 12% used [0x0000000081400000,0x0000000081a5cc20,0x0000000084500000)
 Metaspace       used 20948K, capacity 21200K, committed 21296K, reserved 1069056K
  class space    used 2577K, capacity 2683K, committed 2688K, reserved 1048576K
}
Event: 9.392 GC heap before
{Heap before GC invocations=7 (full 1):
 PSYoungGen      total 38400K, used 33280K [0x00000000d5c00000, 0x00000000d8680000, 0x0000000100000000)
  eden space 33280K, 100% used [0x00000000d5c00000,0x00000000d7c80000,0x00000000d7c80000)
  from space 5120K, 0% used [0x00000000d7c80000,0x00000000d7c80000,0x00000000d8180000)
  to   space 5120K, 0% used [0x00000000d8180000,0x00000000d8180000,0x00000000d8680000)
 ParOldGen       total 50176K, used 6515K [0x0000000081400000, 0x0000000084500000, 0x00000000d5c00000)
  object space 50176K, 12% used [0x0000000081400000,0x0000000081a5cc20,0x0000000084500000)
 Metaspace       used 23034K, capacity 23328K, committed 23424K, reserved 1069056K
  class space    used 2834K, capacity 2897K, committed 2944K, reserved 1048576K
Event: 9.399 GC heap after
Heap after GC invocations=7 (full 1):
 PSYoungGen      total 34816K, used 2537K [0x00000000d5c00000, 0x00000000da680000, 0x0000000100000000)
  eden space 29696K, 0% used [0x00000000d5c00000,0x00000000d5c00000,0x00000000d7900000)
  from space 5120K, 49% used [0x00000000d8180000,0x00000000d83fa6d8,0x00000000d8680000)
  to   space 8704K, 0% used [0x00000000d7900000,0x00000000d7900000,0x00000000d8180000)
 ParOldGen       total 50176K, used 6515K [0x0000000081400000, 0x0000000084500000, 0x00000000d5c00000)
  object space 50176K, 12% used [0x0000000081400000,0x0000000081a5cc20,0x0000000084500000)
 Metaspace       used 23034K, capacity 23328K, committed 23424K, reserved 1069056K
  class space    used 2834K, capacity 2897K, committed 2944K, reserved 1048576K
}

Deoptimization events (10 events):
Event: 8.813 Thread 0x0000000002cf5000 Uncommon trap: reason=class_check action=maybe_recompile pc=0x00000000031a4ba8 method=java.util.concurrent.ConcurrentHashMap.putVal(Ljava/lang/Object;Ljava/lang/Object;Z)Ljava/lang/Object; @ 192
Event: 8.859 Thread 0x0000000002cf5000 Uncommon trap: reason=predicate action=maybe_recompile pc=0x000000000355de38 method=java.util.AbstractCollection.toArray([Ljava/lang/Object;)[Ljava/lang/Object; @ 49
Event: 8.900 Thread 0x0000000002cf5000 Uncommon trap: reason=array_check action=maybe_recompile pc=0x000000000356dc2c method=java.util.AbstractCollection.toArray([Ljava/lang/Object;)[Ljava/lang/Object; @ 119
Event: 8.900 Thread 0x0000000002cf5000 Uncommon trap: reason=array_check action=maybe_recompile pc=0x000000000356dc2c method=java.util.AbstractCollection.toArray([Ljava/lang/Object;)[Ljava/lang/Object; @ 119
Event: 8.901 Thread 0x0000000002cf5000 Uncommon trap: reason=array_check action=maybe_recompile pc=0x000000000356dc2c method=java.util.AbstractCollection.toArray([Ljava/lang/Object;)[Ljava/lang/Object; @ 119
Event: 8.901 Thread 0x0000000002cf5000 Uncommon trap: reason=array_check action=maybe_recompile pc=0x000000000356dc2c method=java.util.AbstractCollection.toArray([Ljava/lang/Object;)[Ljava/lang/Object; @ 119
Event: 9.553 Thread 0x0000000002cf5000 Uncommon trap: reason=unstable_if action=reinterpret pc=0x000000000349dc54 method=java.lang.reflect.Method.equals(Ljava/lang/Object;)Z @ 1
Event: 9.571 Thread 0x0000000002cf5000 Uncommon trap: reason=unstable_if action=reinterpret pc=0x00000000035036e4 method=org.springframework.asm.Type.getArgumentsAndReturnSizes(Ljava/lang/String;)I @ 88
Event: 9.571 Thread 0x0000000002cf5000 Uncommon trap: reason=unstable_if action=reinterpret pc=0x00000000034ef480 method=org.springframework.asm.Type.getArgumentTypes(Ljava/lang/String;)[Lorg/springframework/asm/Type; @ 58
Event: 9.573 Thread 0x0000000002cf5000 Uncommon trap: reason=unstable_if action=reinterpret pc=0x0000000003584114 method=org.springframework.asm.Type.getArgumentsAndReturnSizes(Ljava/lang/String;)I @ 88

Internal exceptions (10 events):
Event: 9.317 Thread 0x0000000002cf5000 Exception <a 'java/lang/ClassNotFoundException': org/springframework/boot/autoconfigure/jackson/JacksonAutoConfiguration$Jackson2ObjectMapperBuilderCustomizerConfigurationCustomizer> (0x00000000d77d77d0) thrown at [C:\re\workspace\8-2-build-windows-amd64-
Event: 9.317 Thread 0x0000000002cf5000 Exception <a 'java/lang/ClassNotFoundException': org/springframework/boot/autoconfigure/jackson/JacksonAutoConfiguration$Jackson2ObjectMapperBuilderCustomizerConfiguration$$EnhancerBySpringCGLIB$$af5730fbCustomizer> (0x00000000d7803030) thrown at [C:\re\w
Event: 9.318 Thread 0x0000000002cf5000 Exception <a 'java/lang/ClassNotFoundException': org/springframework/context/annotation/ConfigurationClassEnhancer$EnhancedConfigurationCustomizer> (0x00000000d7826198) thrown at [C:\re\workspace\8-2-build-windows-amd64-cygwin\jdk8u121\8372\hotspot\src\sh
Event: 9.323 Thread 0x0000000002cf5000 Exception <a 'java/lang/ClassNotFoundException': java/lang/ObjectCustomizer> (0x00000000d7849568) thrown at [C:\re\workspace\8-2-build-windows-amd64-cygwin\jdk8u121\8372\hotspot\src\share\vm\classfile\systemDictionary.cpp, line 210]
Event: 9.324 Thread 0x0000000002cf5000 Exception <a 'java/lang/ClassNotFoundException': org/springframework/boot/autoconfigure/jackson/JacksonPropertiesCustomizer> (0x00000000d7862db8) thrown at [C:\re\workspace\8-2-build-windows-amd64-cygwin\jdk8u121\8372\hotspot\src\share\vm\classfile\system
Event: 9.553 Thread 0x0000000002cf5000 Implicit null exception at 0x000000000349dbcc to 0x000000000349dc41
Event: 9.583 Thread 0x0000000002cf5000 Exception <a 'java/lang/ClassNotFoundException': java/lang/ObjectCustomizer> (0x00000000d6302988) thrown at [C:\re\workspace\8-2-build-windows-amd64-cygwin\jdk8u121\8372\hotspot\src\share\vm\classfile\systemDictionary.cpp, line 210]
Event: 9.584 Thread 0x0000000002cf5000 Exception <a 'java/lang/ClassNotFoundException': org/springframework/boot/autoconfigure/jackson/JacksonAutoConfiguration$Jackson2ObjectMapperBuilderCustomizerConfiguration$StandardJackson2ObjectMapperBuilderCustomizerCustomizer> (0x00000000d63318d8) throw
Event: 9.585 Thread 0x0000000002cf5000 Exception <a 'java/lang/ClassNotFoundException': org/springframework/boot/autoconfigure/jackson/Jackson2ObjectMapperBuilderCustomizerCustomizer> (0x00000000d634fe08) thrown at [C:\re\workspace\8-2-build-windows-amd64-cygwin\jdk8u121\8372\hotspot\src\share
Event: 9.585 Thread 0x0000000002cf5000 Exception <a 'java/lang/ClassNotFoundException': org/springframework/core/OrderedCustomizer> (0x00000000d635f8b8) thrown at [C:\re\workspace\8-2-build-windows-amd64-cygwin\jdk8u121\8372\hotspot\src\share\vm\classfile\systemDictionary.cpp, line 210]

Events (10 events):
Event: 9.584 loading class org/springframework/boot/autoconfigure/jackson/Jackson2ObjectMapperBuilderCustomizerCustomizer
Event: 9.584 loading class org/springframework/boot/autoconfigure/jackson/Jackson2ObjectMapperBuilderCustomizerCustomizer done
Event: 9.585 loading class org/springframework/core/OrderedCustomizer
Event: 9.585 loading class org/springframework/core/OrderedCustomizer done
Event: 9.585 loading class org/springframework/core/OrderedCustomizer
Event: 9.585 loading class org/springframework/core/OrderedCustomizer done
Event: 9.585 loading class org/springframework/core/OrderedCustomizer
Event: 9.585 loading class org/springframework/core/OrderedCustomizer done
Event: 9.585 loading class org/springframework/boot/context/properties/ConfigurationBeanFactoryMetaData$1
Event: 9.585 loading class org/springframework/boot/context/properties/ConfigurationBeanFactoryMetaData$1 done


Dynamic libraries:
0x00007ff7841d0000 - 0x00007ff784207000 	D:\MathxH\software\Java\jdk1.8.0_121\bin\java.exe
0x00007ffd4b4c0000 - 0x00007ffd4b692000 	C:\Windows\SYSTEM32\ntdll.dll
0x00007ffd49bf0000 - 0x00007ffd49c9c000 	C:\Windows\System32\KERNEL32.DLL
0x00007ffd47f60000 - 0x00007ffd4817d000 	C:\Windows\System32\KERNELBASE.dll
0x00007ffd48f30000 - 0x00007ffd48fd2000 	C:\Windows\System32\ADVAPI32.dll
0x00007ffd49b50000 - 0x00007ffd49bee000 	C:\Windows\System32\msvcrt.dll
0x00007ffd49d60000 - 0x00007ffd49db9000 	C:\Windows\System32\sechost.dll
0x00007ffd49780000 - 0x00007ffd498a1000 	C:\Windows\System32\RPCRT4.dll
0x00007ffd49dc0000 - 0x00007ffd49f25000 	C:\Windows\System32\USER32.dll
0x00007ffd48180000 - 0x00007ffd4819e000 	C:\Windows\System32\win32u.dll
0x00007ffd49ab0000 - 0x00007ffd49ae4000 	C:\Windows\System32\GDI32.dll
0x00007ffd481a0000 - 0x00007ffd48320000 	C:\Windows\System32\gdi32full.dll
0x00007ffd36ec0000 - 0x00007ffd3713a000 	C:\Windows\WinSxS\amd64_microsoft.windows.common-controls_6595b64144ccf1df_6.0.14393.953_none_42151e83c686086b\COMCTL32.dll
0x00007ffd49330000 - 0x00007ffd495f8000 	C:\Windows\System32\combase.dll
0x00007ffd47e60000 - 0x00007ffd47f55000 	C:\Windows\System32\ucrtbase.dll
0x00007ffd47a60000 - 0x00007ffd47aca000 	C:\Windows\System32\bcryptPrimitives.dll
0x00007ffd48f00000 - 0x00007ffd48f2e000 	C:\Windows\System32\IMM32.DLL
0x000000005d6a0000 - 0x000000005d772000 	D:\MathxH\software\Java\jdk1.8.0_121\jre\bin\msvcr100.dll
0x000000005c890000 - 0x000000005d12b000 	D:\MathxH\software\Java\jdk1.8.0_121\jre\bin\server\jvm.dll
0x00007ffd49320000 - 0x00007ffd49328000 	C:\Windows\System32\PSAPI.DLL
0x00007ffd40570000 - 0x00007ffd40579000 	C:\Windows\SYSTEM32\WSOCK32.dll
0x00007ffd459e0000 - 0x00007ffd45a03000 	C:\Windows\SYSTEM32\WINMM.dll
0x00007ffd4b450000 - 0x00007ffd4b4ba000 	C:\Windows\System32\WS2_32.dll
0x00007ffd3a400000 - 0x00007ffd3a40a000 	C:\Windows\SYSTEM32\VERSION.dll
0x00007ffd459b0000 - 0x00007ffd459db000 	C:\Windows\SYSTEM32\WINMMBASE.dll
0x00007ffd48320000 - 0x00007ffd48362000 	C:\Windows\System32\cfgmgr32.dll
0x000000005d690000 - 0x000000005d69f000 	D:\MathxH\software\Java\jdk1.8.0_121\jre\bin\verify.dll
0x000000005d4d0000 - 0x000000005d4f9000 	D:\MathxH\software\Java\jdk1.8.0_121\jre\bin\java.dll
0x000000005d4b0000 - 0x000000005d4c6000 	D:\MathxH\software\Java\jdk1.8.0_121\jre\bin\zip.dll
0x00007ffd49f30000 - 0x00007ffd4b439000 	C:\Windows\System32\SHELL32.dll
0x00007ffd48370000 - 0x00007ffd48a49000 	C:\Windows\System32\windows.storage.dll
0x00007ffd47970000 - 0x00007ffd479bc000 	C:\Windows\System32\powrprof.dll
0x00007ffd49180000 - 0x00007ffd491d2000 	C:\Windows\System32\shlwapi.dll
0x00007ffd47960000 - 0x00007ffd4796f000 	C:\Windows\System32\kernel.appcore.dll
0x00007ffd47d50000 - 0x00007ffd47df9000 	C:\Windows\System32\shcore.dll
0x00007ffd47930000 - 0x00007ffd47944000 	C:\Windows\System32\profapi.dll
0x00007ffd43d50000 - 0x00007ffd43d60000 	D:\MathxH\software\IntelliJIDEA2016.3.4\bin\breakgen64.dll
0x000000005d490000 - 0x000000005d4aa000 	D:\MathxH\software\Java\jdk1.8.0_121\jre\bin\net.dll
0x00007ffd47200000 - 0x00007ffd4725c000 	C:\Windows\system32\mswsock.dll
0x000000005d680000 - 0x000000005d68d000 	D:\MathxH\software\Java\jdk1.8.0_121\jre\bin\management.dll
0x00007ffd34be0000 - 0x00007ffd34bf6000 	C:\Windows\system32\napinsp.dll
0x00007ffd34bc0000 - 0x00007ffd34bda000 	C:\Windows\system32\pnrpnsp.dll
0x00007ffd444c0000 - 0x00007ffd444d8000 	C:\Windows\system32\NLAapi.dll
0x00007ffd46fc0000 - 0x00007ffd47061000 	C:\Windows\SYSTEM32\DNSAPI.dll
0x00007ffd4b440000 - 0x00007ffd4b448000 	C:\Windows\System32\NSI.dll
0x00007ffd46f80000 - 0x00007ffd46fb8000 	C:\Windows\SYSTEM32\IPHLPAPI.DLL
0x00007ffd34bb0000 - 0x00007ffd34bbe000 	C:\Windows\System32\winrnr.dll
0x00007ffd34b90000 - 0x00007ffd34ba5000 	C:\Windows\System32\wshbth.dll
0x000000005d800000 - 0x000000005d826000 	C:\Program Files\Bonjour\mdnsNSP.dll
0x00007ffd43680000 - 0x00007ffd4368a000 	C:\Windows\System32\rasadhlp.dll
0x00007ffd43be0000 - 0x00007ffd43c4a000 	C:\Windows\System32\fwpuclnt.dll
0x00007ffd47870000 - 0x00007ffd4789b000 	C:\Windows\SYSTEM32\bcrypt.dll
0x000000005d470000 - 0x000000005d481000 	D:\MathxH\software\Java\jdk1.8.0_121\jre\bin\nio.dll

VM Arguments:
jvm_args: -ea -Didea.launcher.port=7532 -Didea.launcher.bin.path=D:\MathxH\software\IntelliJIDEA2016.3.4\bin -Dfile.encoding=UTF-8 
java_command: com.intellij.rt.execution.application.AppMain com.intellij.rt.execution.junit.JUnitStarter -ideVersion5 com.mathxhspringboot.demo.DemoApplicationTests,testUserController
java_class_path (initial): D:\MathxH\software\IntelliJIDEA2016.3.4\lib\idea_rt.jar;D:\MathxH\software\IntelliJIDEA2016.3.4\plugins\junit\lib\junit-rt.jar;D:\MathxH\software\Java\jdk1.8.0_121\jre\lib\charsets.jar;D:\MathxH\software\Java\jdk1.8.0_121\jre\lib\deploy.jar;D:\MathxH\software\Java\jdk1.8.0_121\jre\lib\ext\access-bridge-64.jar;D:\MathxH\software\Java\jdk1.8.0_121\jre\lib\ext\cldrdata.jar;D:\MathxH\software\Java\jdk1.8.0_121\jre\lib\ext\dnsns.jar;D:\MathxH\software\Java\jdk1.8.0_121\jre\lib\ext\jaccess.jar;D:\MathxH\software\Java\jdk1.8.0_121\jre\lib\ext\jfxrt.jar;D:\MathxH\software\Java\jdk1.8.0_121\jre\lib\ext\localedata.jar;D:\MathxH\software\Java\jdk1.8.0_121\jre\lib\ext\nashorn.jar;D:\MathxH\software\Java\jdk1.8.0_121\jre\lib\ext\sunec.jar;D:\MathxH\software\Java\jdk1.8.0_121\jre\lib\ext\sunjce_provider.jar;D:\MathxH\software\Java\jdk1.8.0_121\jre\lib\ext\sunmscapi.jar;D:\MathxH\software\Java\jdk1.8.0_121\jre\lib\ext\sunpkcs11.jar;D:\MathxH\software\Java\jdk1.8.0_121\jre\lib\ext\zipfs.jar;D:\MathxH\software\Java\jdk1.8.0_121\jre\lib\javaws.jar;D:\MathxH\software\Java\jdk1.8.0_121\jre\lib\jce.jar;D:\MathxH\software\Java\jdk1.8.0_121\jre\lib\jfr.jar;D:\MathxH\software\Java\jdk1.8.0_121\jre\lib\jfxswt.jar;D:\MathxH\software\Java\jdk1.8.0_121\jre\lib\jsse.jar;D:\MathxH\software\Java\jdk1.8.0_121\jre\lib\management-agent.jar;D:\MathxH\software\Java\jdk1.8.0_121\jre\lib\plugin.jar;D:\MathxH\software\Java\jdk1.8.0_121\jre\lib\resources.jar;D:\MathxH\software\Java\jdk1.8.0_121\jre\lib\rt.jar;C:\Users\MathxH\Desktop\demo\target\test-classes;C:\Users\MathxH\Desktop\demo\target\classes;D:\MathxH\software\apache-maven-3.5.0\local-repo\org\springframework\boot\spring-boot-starter\1.5.10.RELEASE\spring-boot-starter-1.5.10.RELEASE.jar;D:\MathxH\software\apache-maven-3.5.0\local-repo\org\springframework\boot\spring-boot\1.5.10.RELEASE\spring-boot-1.5.10.RELEASE.jar;D:\MathxH\software\apache-maven-3.5.0\local-repo\org\springframework\spring-context\4.3.14.RELEASE\spri
Launcher Type: SUN_STANDARD

Environment Variables:
JAVA_HOME=D:\MathxH\software\Java\jdk1.8.0_121
PATH=D:\Borland\Delphi7\Bin;D:\Borland\Delphi7\Projects\Bpl\;D:\oracle\product\10.2.0\db_3\bin;D:\oracle\product\10.2.0\db_1\bin;C:\ProgramData\Oracle\Java\javapath;C:\Windows\system32;C:\Windows;C:\Windows\System32\Wbem;C:\Windows\System32\WindowsPowerShell\v1.0\;C:\Program Files\Microsoft SQL Server\130\Tools\Binn\;C:\Program Files\Microsoft SQL Server\110\Tools\Binn\;C:\Program Files\Microsoft SQL Server\120\Tools\Binn\;D:\MathxH\software\NSIS;D:\MathxH\software\Git\cmd;D:\MathxH\software\nodejs\;D:\MathxH\software\CMake\bin;D:\MathxH\3rd-party\boost_1_63_0;D:\MathxH\software\apache-maven-3.5.0\bin;C:\Windows\System32;D:\MathxH\3rd-party\Qt5.8.0\5.8\msvc2013\bin;D:\MathxH\3rd-party\zeroc-ice-3.7.0-vc12\build\native\bin\Win32\Release;D:\MathxH\3rd-party\zeroc-ice-3.7.0-vc12\tools;D:\MathxH\software\clang-format;D:\MathxH\software\iconv\bin;D:\MathxH\software\Go\bin;C:\Program Files (x86)\Pandoc\;D:\oracle\product\10.2.0\db_2\tuxedo12.1.3.0.0_VS2010\bin;D:\oracle\product\10.2.0\db_2\tuxedo12.1.3.0.0_VS2010\jre\bin\server;D:\oracle\product\10.2.0\db_2\tuxedo12.1.3.0.0_VS2010\jre\bin;D:\medicare\Client\Package;D:\medicare\Client\ReportPack;D:\medicare\Client\Encryption;D:\medicare\Client\ExpressionParser;D:\medicare\Client\Dock;D:\medicare\Client\ChartPack;C:\Program Files\dotnet\;D:\MathxH\software\python36\Scripts\;D:\MathxH\software\python36\;C:\Users\MathxH\.cargo\bin;C:\Ruby24-x64\bin;C:\Users\MathxH\AppData\Local\Microsoft\WindowsApps;;D:\MathxH\software\MicrosoftVSCode\bin;C:\Users\MathxH\AppData\Roaming\npm;C:\Program Files (x86)\SSH Communications Security\SSH Secure Shell
USERNAME=MathxH
OS=Windows_NT
PROCESSOR_IDENTIFIER=Intel64 Family 6 Model 69 Stepping 1, GenuineIntel



---------------  S Y S T E M  ---------------

OS: Windows 10.0 , 64 bit Build 14393 (10.0.14393.1198)

CPU:total 4 (2 cores per cpu, 2 threads per core) family 6 model 69 stepping 1, cmov, cx8, fxsr, mmx, sse, sse2, sse3, ssse3, sse4.1, sse4.2, popcnt, avx, avx2, aes, clmul, erms, lzcnt, ht, tsc, tscinvbit, bmi1, bmi2

Memory: 4k page, physical 8305048k(2321604k free), swap 21339796k(4120k free)

vm_info: Java HotSpot(TM) 64-Bit Server VM (25.121-b13) for windows-amd64 JRE (1.8.0_121-b13), built on Dec 12 2016 18:21:36 by "java_re" with MS VC++ 10.0 (VS2010)

time: Fri Mar 30 11:28:47 2018
elapsed time: 9 seconds (0d 0h 0m 9s)

